# JRE version: Java(TM) SE Runtime Environment (17.0.12+8) (build 17.0.12+8-LTS-286)
# Java VM: Java HotSpot(TM) 64-Bit Server VM (17.0.12+8-LTS-286, mixed mode, emulated-client, sharing, tiered, compressed oops, compressed class ptrs, g1 gc, windows-amd64)
GC Precious Log:
 CPUs: 4 total, 4 available
 Memory: 6091M
 Large Page Support: Disabled
 NUMA Support: Disabled
 Compressed Oops: Enabled (32-bit)
 Heap Region Size: 1M
 Heap Min Capacity: 8M
 Heap Initial Capacity: 96M
 Heap Max Capacity: 1524M
 Pre-touch: Disabled
 Parallel Workers: 4
 Concurrent Workers: 1
 Concurrent Refinement Workers: 4
 Periodic GC: Disabled
Heap:
 garbage-first heap   total 91136K, used 68694K [0x00000000a0c00000, 0x0000000100000000)
  region size 1024K, 36 young (36864K), 6 survivors (6144K)
 Metaspace       used 82312K, committed 82880K, reserved 1179648K
  class space    used 12128K, committed 12416K, reserved 1048576K
GC Heap History (20 events):
Event: 8.735 GC heap before
{Heap before GC invocations=6 (full 0):
 garbage-first heap   total 75776K, used 58525K [0x00000000a0c00000, 0x0000000100000000)
  region size 1024K, 44 young (45056K), 6 survivors (6144K)
 Metaspace       used 27490K, committed 27968K, reserved 1114112K
  class space    used 3720K, committed 3968K, reserved 1048576K
}
Event: 8.745 GC heap after
{Heap after GC invocations=7 (full 0):
 garbage-first heap   total 75776K, used 22818K [0x00000000a0c00000, 0x0000000100000000)
  region size 1024K, 4 young (4096K), 4 survivors (4096K)
 Metaspace       used 27490K, committed 27968K, reserved 1114112K
  class space    used 3720K, committed 3968K, reserved 1048576K
}
Event: 9.778 GC heap before
{Heap before GC invocations=7 (full 0):
 garbage-first heap   total 75776K, used 53538K [0x00000000a0c00000, 0x0000000100000000)
  region size 1024K, 35 young (35840K), 4 survivors (4096K)
 Metaspace       used 31195K, committed 31680K, reserved 1114112K
  class space    used 4235K, committed 4480K, reserved 1048576K
}
Event: 9.788 GC heap after
{Heap after GC invocations=8 (full 0):
 garbage-first heap   total 75776K, used 24961K [0x00000000a0c00000, 0x0000000100000000)
  region size 1024K, 5 young (5120K), 5 survivors (5120K)
 Metaspace       used 31195K, committed 31680K, reserved 1114112K
  class space    used 4235K, committed 4480K, reserved 1048576K
}
Event: 11.369 GC heap before
{Heap before GC invocations=8 (full 0):
 garbage-first heap   total 75776K, used 56705K [0x00000000a0c00000, 0x0000000100000000)
  region size 1024K, 36 young (36864K), 5 survivors (5120K)
 Metaspace       used 35177K, committed 35712K, reserved 1114112K
  class space    used 4916K, committed 5184K, reserved 1048576K
}
Event: 11.385 GC heap after
{Heap after GC invocations=9 (full 0):
 garbage-first heap   total 75776K, used 26484K [0x00000000a0c00000, 0x0000000100000000)
  region size 1024K, 4 young (4096K), 4 survivors (4096K)
 Metaspace       used 35177K, committed 35712K, reserved 1114112K
  class space    used 4916K, committed 5184K, reserved 1048576K
}
Event: 11.560 GC heap before
{Heap before GC invocations=9 (full 0):
 garbage-first heap   total 75776K, used 30580K [0x00000000a0c00000, 0x0000000100000000)
  region size 1024K, 9 young (9216K), 4 survivors (4096K)
 Metaspace       used 35654K, committed 36160K, reserved 1114112K
  class space    used 4991K, committed 5248K, reserved 1048576K
}
Event: 11.574 GC heap after
{Heap after GC invocations=10 (full 0):
 garbage-first heap   total 75776K, used 26886K [0x00000000a0c00000, 0x0000000100000000)
  region size 1024K, 3 young (3072K), 3 survivors (3072K)
 Metaspace       used 35654K, committed 36160K, reserved 1114112K
  class space    used 4991K, committed 5248K, reserved 1048576K
}
Event: 13.076 GC heap before
{Heap before GC invocations=11 (full 0):
 garbage-first heap   total 75776K, used 58630K [0x00000000a0c00000, 0x0000000100000000)
  region size 1024K, 34 young (34816K), 3 survivors (3072K)
 Metaspace       used 39902K, committed 40448K, reserved 1114112K
  class space    used 5620K, committed 5888K, reserved 1048576K
}
Event: 13.091 GC heap after
{Heap after GC invocations=12 (full 0):
 garbage-first heap   total 75776K, used 29363K [0x00000000a0c00000, 0x0000000100000000)
  region size 1024K, 5 young (5120K), 5 survivors (5120K)
 Metaspace       used 39902K, committed 40448K, reserved 1114112K
  class space    used 5620K, committed 5888K, reserved 1048576K
}
Event: 14.590 GC heap before
{Heap before GC invocations=12 (full 0):
 garbage-first heap   total 75776K, used 58035K [0x00000000a0c00000, 0x0000000100000000)
  region size 1024K, 34 young (34816K), 5 survivors (5120K)
 Metaspace       used 45560K, committed 46080K, reserved 1114112K
  class space    used 6498K, committed 6784K, reserved 1048576K
}
Event: 14.600 GC heap after
{Heap after GC invocations=13 (full 0):
 garbage-first heap   total 91136K, used 31260K [0x00000000a0c00000, 0x0000000100000000)
  region size 1024K, 5 young (5120K), 5 survivors (5120K)
 Metaspace       used 45560K, committed 46080K, reserved 1114112K
  class space    used 6498K, committed 6784K, reserved 1048576K
}
Event: 17.545 GC heap before
{Heap before GC invocations=13 (full 0):
 garbage-first heap   total 91136K, used 71196K [0x00000000a0c00000, 0x0000000100000000)
  region size 1024K, 44 young (45056K), 5 survivors (5120K)
 Metaspace       used 53513K, committed 54080K, reserved 1114112K
  class space    used 7757K, committed 8000K, reserved 1048576K
}
Event: 17.557 GC heap after
{Heap after GC invocations=14 (full 0):
 garbage-first heap   total 91136K, used 33571K [0x00000000a0c00000, 0x0000000100000000)
  region size 1024K, 5 young (5120K), 5 survivors (5120K)
 Metaspace       used 53513K, committed 54080K, reserved 1114112K
  class space    used 7757K, committed 8000K, reserved 1048576K
}
Event: 23.925 GC heap before
{Heap before GC invocations=14 (full 0):
 garbage-first heap   total 91136K, used 66339K [0x00000000a0c00000, 0x0000000100000000)
  region size 1024K, 38 young (38912K), 5 survivors (5120K)
 Metaspace       used 59895K, committed 60480K, reserved 1114112K
  class space    used 8636K, committed 8896K, reserved 1048576K
}
Event: 23.937 GC heap after
{Heap after GC invocations=15 (full 0):
 garbage-first heap   total 91136K, used 35732K [0x00000000a0c00000, 0x0000000100000000)
  region size 1024K, 5 young (5120K), 5 survivors (5120K)
 Metaspace       used 59895K, committed 60480K, reserved 1114112K
  class space    used 8636K, committed 8896K, reserved 1048576K
}
Event: 27.316 GC heap before
{Heap before GC invocations=16 (full 0):
 garbage-first heap   total 91136K, used 73620K [0x00000000a0c00000, 0x0000000100000000)
  region size 1024K, 42 young (43008K), 5 survivors (5120K)
 Metaspace       used 68081K, committed 68736K, reserved 1114112K
  class space    used 10016K, committed 10304K, reserved 1048576K
}
Event: 27.327 GC heap after
{Heap after GC invocations=17 (full 0):
 garbage-first heap   total 91136K, used 36713K [0x00000000a0c00000, 0x0000000100000000)
  region size 1024K, 4 young (4096K), 4 survivors (4096K)
 Metaspace       used 68081K, committed 68736K, reserved 1114112K
  class space    used 10016K, committed 10304K, reserved 1048576K
}
Event: 29.353 GC heap before
{Heap before GC invocations=17 (full 0):
 garbage-first heap   total 91136K, used 73577K [0x00000000a0c00000, 0x0000000100000000)
  region size 1024K, 41 young (41984K), 4 survivors (4096K)
 Metaspace       used 73864K, committed 74496K, reserved 1114112K
  class space    used 10975K, committed 11264K, reserved 1048576K
}
Event: 29.364 GC heap after
{Heap after GC invocations=18 (full 0):
 garbage-first heap   total 91136K, used 40022K [0x00000000a0c00000, 0x0000000100000000)
  region size 1024K, 6 young (6144K), 6 survivors (6144K)
 Metaspace       used 73864K, committed 74496K, reserved 1114112K
  class space    used 10975K, committed 11264K, reserved 1048576K
}

